<?xml version="1.0" encoding="UTF-8" ?>
<testsuite failures="0" time="0.004" errors="0" skipped="0" tests="5" name="sharif.elborgi.RockGestureSettingTest">
  <properties>
[...]
</properties>
  <testcase time="0" classname="sharif.elborgi.RockGestureSettingTest" name="testRockBeatsScissor"/>
  <testcase time="0" classname="sharif.elborgi.RockGestureSettingTest" name="testRockBeatsLizard"/>
  <testcase time="0" classname="sharif.elborgi.RockGestureSettingTest" name="testRockLosesToPaper"/>
  <testcase time="0" classname="sharif.elborgi.RockGestureSettingTest" name="testRockLosesToSpock"/>
  <testcase time="0" classname="sharif.elborgi.RockGestureSettingTest" name="testRockDrawsWithRock"/>
</testsuite>